<?xml version="1.0" encoding="UTF-8"?>
<!-- Generated by org.testng.reporters.JUnitReportReporter -->
<testsuite hostname="badabeeddccfaccacaeefddadeafafabaebcc-0" failures="0" tests="2" name="testcases.Testcase1" time="14.818" errors="0" timestamp="2023-08-10T13:30:23 UTC" skipped="0">
  <testcase classname="testcases.Testcase1" name="Register" time="9.674"/>
  <testcase classname="testcases.Testcase1" name="Valid_Login_TC" time="5.144"/>
</testsuite> <!-- testcases.Testcase1 -->
